<?xml version="1.0" encoding="UTF-8"?>
<!-- Generated by org.testng.reporters.JUnitXMLReporter -->
<testsuite ignored="0" hostname="Boudefel" failures="1" tests="2" name="LoginTest" time="0.051" errors="0" timestamp="23 sept. 2022 11:00:50 GMT">
  <testcase classname="listeners.LoginTest" name="loginByEmail" time="0.021"/>
  <testcase classname="listeners.LoginTest" name="loginByFacebook" time="0.002">
    <failure type="java.lang.AssertionError" message="expected [kumar] but found [paven]">
      <![CDATA[java.lang.AssertionError: expected [kumar] but found [paven]
	at listeners.LoginTest.loginByFacebook(LoginTest.java:23)
... Removed 29 stack frames]]>
    </failure>
  </testcase> <!-- loginByFacebook -->
</testsuite> <!-- LoginTest -->
