<?xml version="1.0" encoding="UTF-8"?>
<testng-results ignored="0" total="12" passed="9" failed="3" skipped="0">
  <reporter-output>
  </reporter-output>
  <suite started-at="2022-10-01T14:17:36 CET" name="testBankingV1" finished-at="2022-10-01T14:20:14 CET" duration-ms="157937">
    <groups>
    </groups>
    <test started-at="2022-10-01T14:17:36 CET" name="BankingApp Test" finished-at="2022-10-01T14:20:14 CET" duration-ms="157937">
      <class name="com.testBanking.testCases.TC_LoginDDT_002">
        <test-method is-config="true" signature="setUp(java.lang.String)[pri:0, instance:com.testBanking.testCases.TC_LoginDDT_002@51972dc7]" started-at="2022-10-01T14:17:48 CET" name="setUp" finished-at="2022-10-01T14:17:56 CET" duration-ms="7783" status="PASS">
          <params>
            <param index="0">
              <value>
                <![CDATA[chrome]]>
              </value>
            </param>
          </params>
          <reporter-output>
          </reporter-output>
        </test-method> <!-- setUp -->
        <test-method signature="loginDDT(java.lang.String,java.lang.String)[pri:0, instance:com.testBanking.testCases.TC_LoginDDT_002@51972dc7]" started-at="2022-10-01T14:17:57 CET" name="loginDDT" data-provider="LoginData" finished-at="2022-10-01T14:18:02 CET" duration-ms="5075" status="PASS">
          <params>
            <param index="0">
              <value>
                <![CDATA[mngr441525]]>
              </value>
            </param>
            <param index="1">
              <value>
                <![CDATA[gupahAh]]>
              </value>
            </param>
          </params>
          <reporter-output>
          </reporter-output>
        </test-method> <!-- loginDDT -->
        <test-method signature="loginDDT(java.lang.String,java.lang.String)[pri:0, instance:com.testBanking.testCases.TC_LoginDDT_002@51972dc7]" started-at="2022-10-01T14:18:02 CET" name="loginDDT" data-provider="LoginData" finished-at="2022-10-01T14:18:05 CET" duration-ms="3337" status="FAIL">
          <params>
            <param index="0">
              <value>
                <![CDATA[mngr441525]]>
              </value>
            </param>
            <param index="1">
              <value>
                <![CDATA[tt]]>
              </value>
            </param>
          </params>
          <exception class="java.lang.AssertionError">
            <message>
              <![CDATA[expected [true] but found [false]]]>
            </message>
            <full-stacktrace>
              <![CDATA[java.lang.AssertionError: expected [true] but found [false]
at org.testng.Assert.fail(Assert.java:99)
at org.testng.Assert.failNotEquals(Assert.java:1037)
at org.testng.Assert.assertTrue(Assert.java:45)
at org.testng.Assert.assertTrue(Assert.java:55)
at com.testBanking.testCases.TC_LoginDDT_002.loginDDT(TC_LoginDDT_002.java:36)
at java.base/jdk.internal.reflect.DirectMethodHandleAccessor.invoke(DirectMethodHandleAccessor.java:104)
at java.base/java.lang.reflect.Method.invoke(Method.java:577)
at org.testng.internal.MethodInvocationHelper.invokeMethod(MethodInvocationHelper.java:133)
at org.testng.internal.TestInvoker.invokeMethod(TestInvoker.java:598)
at org.testng.internal.TestInvoker.invokeTestMethod(TestInvoker.java:173)
at org.testng.internal.MethodRunner.runInSequence(MethodRunner.java:46)
at org.testng.internal.TestInvoker$MethodInvocationAgent.invoke(TestInvoker.java:824)
at org.testng.internal.TestInvoker.invokeTestMethods(TestInvoker.java:146)
at org.testng.internal.TestMethodWorker.invokeTestMethods(TestMethodWorker.java:146)
at org.testng.internal.TestMethodWorker.run(TestMethodWorker.java:128)
at java.base/java.util.ArrayList.forEach(ArrayList.java:1511)
at org.testng.TestRunner.privateRun(TestRunner.java:794)
at org.testng.TestRunner.run(TestRunner.java:596)
at org.testng.SuiteRunner.runTest(SuiteRunner.java:377)
at org.testng.SuiteRunner.runSequentially(SuiteRunner.java:371)
at org.testng.SuiteRunner.privateRun(SuiteRunner.java:332)
at org.testng.SuiteRunner.run(SuiteRunner.java:276)
at org.testng.SuiteRunnerWorker.runSuite(SuiteRunnerWorker.java:53)
at org.testng.SuiteRunnerWorker.run(SuiteRunnerWorker.java:96)
at org.testng.TestNG.runSuitesSequentially(TestNG.java:1212)
at org.testng.TestNG.runSuitesLocally(TestNG.java:1134)
at org.testng.TestNG.runSuites(TestNG.java:1063)
at org.testng.TestNG.run(TestNG.java:1031)
at org.testng.remote.AbstractRemoteTestNG.run(AbstractRemoteTestNG.java:115)
at org.testng.remote.RemoteTestNG.initAndRun(RemoteTestNG.java:251)
at org.testng.remote.RemoteTestNG.main(RemoteTestNG.java:77)
]]>
            </full-stacktrace>
          </exception> <!-- java.lang.AssertionError -->
          <reporter-output>
          </reporter-output>
        </test-method> <!-- loginDDT -->
        <test-method signature="loginDDT(java.lang.String,java.lang.String)[pri:0, instance:com.testBanking.testCases.TC_LoginDDT_002@51972dc7]" started-at="2022-10-01T14:18:05 CET" name="loginDDT" data-provider="LoginData" finished-at="2022-10-01T14:18:08 CET" duration-ms="2631" status="FAIL">
          <params>
            <param index="0">
              <value>
                <![CDATA[mngr441525]]>
              </value>
            </param>
            <param index="1">
              <value>
                <![CDATA[mngr441525]]>
              </value>
            </param>
          </params>
          <exception class="java.lang.AssertionError">
            <message>
              <![CDATA[expected [true] but found [false]]]>
            </message>
            <full-stacktrace>
              <![CDATA[java.lang.AssertionError: expected [true] but found [false]
at org.testng.Assert.fail(Assert.java:99)
at org.testng.Assert.failNotEquals(Assert.java:1037)
at org.testng.Assert.assertTrue(Assert.java:45)
at org.testng.Assert.assertTrue(Assert.java:55)
at com.testBanking.testCases.TC_LoginDDT_002.loginDDT(TC_LoginDDT_002.java:36)
at java.base/jdk.internal.reflect.DirectMethodHandleAccessor.invoke(DirectMethodHandleAccessor.java:104)
at java.base/java.lang.reflect.Method.invoke(Method.java:577)
at org.testng.internal.MethodInvocationHelper.invokeMethod(MethodInvocationHelper.java:133)
at org.testng.internal.TestInvoker.invokeMethod(TestInvoker.java:598)
at org.testng.internal.TestInvoker.invokeTestMethod(TestInvoker.java:173)
at org.testng.internal.MethodRunner.runInSequence(MethodRunner.java:46)
at org.testng.internal.TestInvoker$MethodInvocationAgent.invoke(TestInvoker.java:824)
at org.testng.internal.TestInvoker.invokeTestMethods(TestInvoker.java:146)
at org.testng.internal.TestMethodWorker.invokeTestMethods(TestMethodWorker.java:146)
at org.testng.internal.TestMethodWorker.run(TestMethodWorker.java:128)
at java.base/java.util.ArrayList.forEach(ArrayList.java:1511)
at org.testng.TestRunner.privateRun(TestRunner.java:794)
at org.testng.TestRunner.run(TestRunner.java:596)
at org.testng.SuiteRunner.runTest(SuiteRunner.java:377)
at org.testng.SuiteRunner.runSequentially(SuiteRunner.java:371)
at org.testng.SuiteRunner.privateRun(SuiteRunner.java:332)
at org.testng.SuiteRunner.run(SuiteRunner.java:276)
at org.testng.SuiteRunnerWorker.runSuite(SuiteRunnerWorker.java:53)
at org.testng.SuiteRunnerWorker.run(SuiteRunnerWorker.java:96)
at org.testng.TestNG.runSuitesSequentially(TestNG.java:1212)
at org.testng.TestNG.runSuitesLocally(TestNG.java:1134)
at org.testng.TestNG.runSuites(TestNG.java:1063)
at org.testng.TestNG.run(TestNG.java:1031)
at org.testng.remote.AbstractRemoteTestNG.run(AbstractRemoteTestNG.java:115)
at org.testng.remote.RemoteTestNG.initAndRun(RemoteTestNG.java:251)
at org.testng.remote.RemoteTestNG.main(RemoteTestNG.java:77)
]]>
            </full-stacktrace>
          </exception> <!-- java.lang.AssertionError -->
          <reporter-output>
          </reporter-output>
        </test-method> <!-- loginDDT -->
        <test-method signature="loginDDT(java.lang.String,java.lang.String)[pri:0, instance:com.testBanking.testCases.TC_LoginDDT_002@51972dc7]" started-at="2022-10-01T14:18:08 CET" name="loginDDT" data-provider="LoginData" finished-at="2022-10-01T14:18:13 CET" duration-ms="5130" status="PASS">
          <params>
            <param index="0">
              <value>
                <![CDATA[mngr441525]]>
              </value>
            </param>
            <param index="1">
              <value>
                <![CDATA[gupahAh]]>
              </value>
            </param>
          </params>
          <reporter-output>
          </reporter-output>
        </test-method> <!-- loginDDT -->
        <test-method is-config="true" signature="tearDown()[pri:0, instance:com.testBanking.testCases.TC_LoginDDT_002@51972dc7]" started-at="2022-10-01T14:18:13 CET" name="tearDown" finished-at="2022-10-01T14:18:13 CET" duration-ms="353" status="PASS">
          <reporter-output>
          </reporter-output>
        </test-method> <!-- tearDown -->
      </class> <!-- com.testBanking.testCases.TC_LoginDDT_002 -->
      <class name="com.testBanking.testCases.TC_LoginTest_001">
        <test-method is-config="true" signature="setUp(java.lang.String)[pri:0, instance:com.testBanking.testCases.TC_LoginTest_001@18920cc]" started-at="2022-10-01T14:17:36 CET" name="setUp" finished-at="2022-10-01T14:17:45 CET" duration-ms="9106" status="PASS">
          <params>
            <param index="0">
              <value>
                <![CDATA[chrome]]>
              </value>
            </param>
          </params>
          <reporter-output>
          </reporter-output>
        </test-method> <!-- setUp -->
        <test-method signature="loginTest()[pri:0, instance:com.testBanking.testCases.TC_LoginTest_001@18920cc]" started-at="2022-10-01T14:17:45 CET" name="loginTest" finished-at="2022-10-01T14:17:48 CET" duration-ms="2466" status="PASS">
          <reporter-output>
          </reporter-output>
        </test-method> <!-- loginTest -->
        <test-method is-config="true" signature="tearDown()[pri:0, instance:com.testBanking.testCases.TC_LoginTest_001@18920cc]" started-at="2022-10-01T14:17:48 CET" name="tearDown" finished-at="2022-10-01T14:17:48 CET" duration-ms="216" status="PASS">
          <reporter-output>
          </reporter-output>
        </test-method> <!-- tearDown -->
      </class> <!-- com.testBanking.testCases.TC_LoginTest_001 -->
      <class name="com.testBanking.testCases.TC_EditCustomerTest_004">
        <test-method is-config="true" signature="setUp(java.lang.String)[pri:0, instance:com.testBanking.testCases.TC_EditCustomerTest_004@2002348]" started-at="2022-10-01T14:18:32 CET" name="setUp" finished-at="2022-10-01T14:18:48 CET" duration-ms="15886" status="PASS">
          <params>
            <param index="0">
              <value>
                <![CDATA[chrome]]>
              </value>
            </param>
          </params>
          <reporter-output>
          </reporter-output>
        </test-method> <!-- setUp -->
        <test-method signature="editCustomer()[pri:0, instance:com.testBanking.testCases.TC_EditCustomerTest_004@2002348]" started-at="2022-10-01T14:18:48 CET" name="editCustomer" finished-at="2022-10-01T14:18:59 CET" duration-ms="11755" status="PASS">
          <reporter-output>
          </reporter-output>
        </test-method> <!-- editCustomer -->
        <test-method is-config="true" signature="tearDown()[pri:0, instance:com.testBanking.testCases.TC_EditCustomerTest_004@2002348]" started-at="2022-10-01T14:18:59 CET" name="tearDown" finished-at="2022-10-01T14:19:00 CET" duration-ms="270" status="PASS">
          <reporter-output>
          </reporter-output>
        </test-method> <!-- tearDown -->
      </class> <!-- com.testBanking.testCases.TC_EditCustomerTest_004 -->
      <class name="com.testBanking.testCases.TC_AddAccountTest_005">
        <test-method is-config="true" signature="setUp(java.lang.String)[pri:0, instance:com.testBanking.testCases.TC_AddAccountTest_005@5911e990]" started-at="2022-10-01T14:19:00 CET" name="setUp" finished-at="2022-10-01T14:19:07 CET" duration-ms="7228" status="PASS">
          <params>
            <param index="0">
              <value>
                <![CDATA[chrome]]>
              </value>
            </param>
          </params>
          <reporter-output>
          </reporter-output>
        </test-method> <!-- setUp -->
        <test-method signature="addNewAccount()[pri:0, instance:com.testBanking.testCases.TC_AddAccountTest_005@5911e990]" started-at="2022-10-01T14:19:07 CET" name="addNewAccount" finished-at="2022-10-01T14:19:18 CET" duration-ms="10720" status="PASS">
          <reporter-output>
          </reporter-output>
        </test-method> <!-- addNewAccount -->
        <test-method is-config="true" signature="tearDown()[pri:0, instance:com.testBanking.testCases.TC_AddAccountTest_005@5911e990]" started-at="2022-10-01T14:19:18 CET" name="tearDown" finished-at="2022-10-01T14:19:18 CET" duration-ms="206" status="PASS">
          <reporter-output>
          </reporter-output>
        </test-method> <!-- tearDown -->
      </class> <!-- com.testBanking.testCases.TC_AddAccountTest_005 -->
      <class name="com.testBanking.testCases.TC_DeleteAccountTest_014">
        <test-method is-config="true" signature="setUp(java.lang.String)[pri:0, instance:com.testBanking.testCases.TC_DeleteAccountTest_014@24d09c1]" started-at="2022-10-01T14:19:47 CET" name="setUp" finished-at="2022-10-01T14:19:55 CET" duration-ms="8095" status="PASS">
          <params>
            <param index="0">
              <value>
                <![CDATA[chrome]]>
              </value>
            </param>
          </params>
          <reporter-output>
          </reporter-output>
        </test-method> <!-- setUp -->
        <test-method signature="deleteAccount()[pri:0, instance:com.testBanking.testCases.TC_DeleteAccountTest_014@24d09c1]" started-at="2022-10-01T14:19:55 CET" name="deleteAccount" finished-at="2022-10-01T14:19:58 CET" duration-ms="3657" status="FAIL">
          <exception class="org.openqa.selenium.NoAlertPresentException">
            <message>
              <![CDATA[no such alert
  (Session info: chrome=106.0.5249.91)
Build info: version: '3.141.59', revision: 'e82be7d358', time: '2018-11-14T08:17:03'
System info: host: 'BOUDEFEL', ip: '10.5.0.9', os.name: 'Windows 11', os.arch: 'amd64', os.version: '10.0', java.version: '18.0.1.1'
Driver info: org.openqa.selenium.chrome.ChromeDriver
Capabilities {acceptInsecureCerts: false, browserName: chrome, browserVersion: 106.0.5249.91, chrome: {chromedriverVersion: 105.0.5195.52 (412c95e51883..., userDataDir: C:\Users\s_bou\AppData\Loca...}, goog:chromeOptions: {debuggerAddress: localhost:61383}, javascriptEnabled: true, networkConnectionEnabled: false, pageLoadStrategy: normal, platform: WINDOWS, platformName: WINDOWS, proxy: Proxy(), setWindowRect: true, strictFileInteractability: false, timeouts: {implicit: 0, pageLoad: 300000, script: 30000}, unhandledPromptBehavior: dismiss and notify, webauthn:extension:credBlob: true, webauthn:extension:largeBlob: true, webauthn:virtualAuthenticators: true}
Session ID: e621772b00a2d428aa48e462df574c5a]]>
            </message>
            <full-stacktrace>
              <![CDATA[org.openqa.selenium.NoAlertPresentException: no such alert
  (Session info: chrome=106.0.5249.91)
Build info: version: '3.141.59', revision: 'e82be7d358', time: '2018-11-14T08:17:03'
System info: host: 'BOUDEFEL', ip: '10.5.0.9', os.name: 'Windows 11', os.arch: 'amd64', os.version: '10.0', java.version: '18.0.1.1'
Driver info: org.openqa.selenium.chrome.ChromeDriver
Capabilities {acceptInsecureCerts: false, browserName: chrome, browserVersion: 106.0.5249.91, chrome: {chromedriverVersion: 105.0.5195.52 (412c95e51883..., userDataDir: C:\Users\s_bou\AppData\Loca...}, goog:chromeOptions: {debuggerAddress: localhost:61383}, javascriptEnabled: true, networkConnectionEnabled: false, pageLoadStrategy: normal, platform: WINDOWS, platformName: WINDOWS, proxy: Proxy(), setWindowRect: true, strictFileInteractability: false, timeouts: {implicit: 0, pageLoad: 300000, script: 30000}, unhandledPromptBehavior: dismiss and notify, webauthn:extension:credBlob: true, webauthn:extension:largeBlob: true, webauthn:virtualAuthenticators: true}
Session ID: e621772b00a2d428aa48e462df574c5a
at java.base/jdk.internal.reflect.DirectConstructorHandleAccessor.newInstance(DirectConstructorHandleAccessor.java:67)
at java.base/java.lang.reflect.Constructor.newInstanceWithCaller(Constructor.java:499)
at java.base/java.lang.reflect.Constructor.newInstance(Constructor.java:483)
at org.openqa.selenium.remote.http.W3CHttpResponseCodec.createException(W3CHttpResponseCodec.java:187)
at org.openqa.selenium.remote.http.W3CHttpResponseCodec.decode(W3CHttpResponseCodec.java:122)
at org.openqa.selenium.remote.http.W3CHttpResponseCodec.decode(W3CHttpResponseCodec.java:49)
at org.openqa.selenium.remote.HttpCommandExecutor.execute(HttpCommandExecutor.java:158)
at org.openqa.selenium.remote.service.DriverCommandExecutor.execute(DriverCommandExecutor.java:83)
at org.openqa.selenium.remote.RemoteWebDriver.execute(RemoteWebDriver.java:552)
at org.openqa.selenium.remote.RemoteWebDriver.execute(RemoteWebDriver.java:609)
at org.openqa.selenium.remote.RemoteWebDriver$RemoteTargetLocator.alert(RemoteWebDriver.java:932)
at com.testBanking.testCases.TC_DeleteAccountTest_014.deleteAccount(TC_DeleteAccountTest_014.java:40)
at java.base/jdk.internal.reflect.DirectMethodHandleAccessor.invoke(DirectMethodHandleAccessor.java:104)
at java.base/java.lang.reflect.Method.invoke(Method.java:577)
at org.testng.internal.MethodInvocationHelper.invokeMethod(MethodInvocationHelper.java:133)
at org.testng.internal.TestInvoker.invokeMethod(TestInvoker.java:598)
at org.testng.internal.TestInvoker.invokeTestMethod(TestInvoker.java:173)
at org.testng.internal.MethodRunner.runInSequence(MethodRunner.java:46)
at org.testng.internal.TestInvoker$MethodInvocationAgent.invoke(TestInvoker.java:824)
at org.testng.internal.TestInvoker.invokeTestMethods(TestInvoker.java:146)
at org.testng.internal.TestMethodWorker.invokeTestMethods(TestMethodWorker.java:146)
at org.testng.internal.TestMethodWorker.run(TestMethodWorker.java:128)
at java.base/java.util.ArrayList.forEach(ArrayList.java:1511)
at org.testng.TestRunner.privateRun(TestRunner.java:794)
at org.testng.TestRunner.run(TestRunner.java:596)
at org.testng.SuiteRunner.runTest(SuiteRunner.java:377)
at org.testng.SuiteRunner.runSequentially(SuiteRunner.java:371)
at org.testng.SuiteRunner.privateRun(SuiteRunner.java:332)
at org.testng.SuiteRunner.run(SuiteRunner.java:276)
at org.testng.SuiteRunnerWorker.runSuite(SuiteRunnerWorker.java:53)
at org.testng.SuiteRunnerWorker.run(SuiteRunnerWorker.java:96)
at org.testng.TestNG.runSuitesSequentially(TestNG.java:1212)
at org.testng.TestNG.runSuitesLocally(TestNG.java:1134)
at org.testng.TestNG.runSuites(TestNG.java:1063)
at org.testng.TestNG.run(TestNG.java:1031)
at org.testng.remote.AbstractRemoteTestNG.run(AbstractRemoteTestNG.java:115)
at org.testng.remote.RemoteTestNG.initAndRun(RemoteTestNG.java:251)
at org.testng.remote.RemoteTestNG.main(RemoteTestNG.java:77)
]]>
            </full-stacktrace>
          </exception> <!-- org.openqa.selenium.NoAlertPresentException -->
          <reporter-output>
          </reporter-output>
        </test-method> <!-- deleteAccount -->
        <test-method is-config="true" signature="tearDown()[pri:0, instance:com.testBanking.testCases.TC_DeleteAccountTest_014@24d09c1]" started-at="2022-10-01T14:19:58 CET" name="tearDown" finished-at="2022-10-01T14:19:58 CET" duration-ms="155" status="PASS">
          <reporter-output>
          </reporter-output>
        </test-method> <!-- tearDown -->
      </class> <!-- com.testBanking.testCases.TC_DeleteAccountTest_014 -->
      <class name="com.testBanking.testCases.TC_DeleteCustomerTest_015">
        <test-method is-config="true" signature="setUp(java.lang.String)[pri:0, instance:com.testBanking.testCases.TC_DeleteCustomerTest_015@54c62d71]" started-at="2022-10-01T14:19:58 CET" name="setUp" finished-at="2022-10-01T14:20:08 CET" duration-ms="10034" status="PASS">
          <params>
            <param index="0">
              <value>
                <![CDATA[chrome]]>
              </value>
            </param>
          </params>
          <reporter-output>
          </reporter-output>
        </test-method> <!-- setUp -->
        <test-method signature="deleteCustomer()[pri:0, instance:com.testBanking.testCases.TC_DeleteCustomerTest_015@54c62d71]" started-at="2022-10-01T14:20:08 CET" name="deleteCustomer" finished-at="2022-10-01T14:20:14 CET" duration-ms="5464" status="PASS">
          <reporter-output>
          </reporter-output>
        </test-method> <!-- deleteCustomer -->
        <test-method is-config="true" signature="tearDown()[pri:0, instance:com.testBanking.testCases.TC_DeleteCustomerTest_015@54c62d71]" started-at="2022-10-01T14:20:14 CET" name="tearDown" finished-at="2022-10-01T14:20:14 CET" duration-ms="154" status="PASS">
          <reporter-output>
          </reporter-output>
        </test-method> <!-- tearDown -->
      </class> <!-- com.testBanking.testCases.TC_DeleteCustomerTest_015 -->
      <class name="com.testBanking.testCases.TC_FundTransferTest_009">
        <test-method is-config="true" signature="setUp(java.lang.String)[pri:0, instance:com.testBanking.testCases.TC_FundTransferTest_009@1d470d0]" started-at="2022-10-01T14:19:32 CET" name="setUp" finished-at="2022-10-01T14:19:39 CET" duration-ms="6984" status="PASS">
          <params>
            <param index="0">
              <value>
                <![CDATA[chrome]]>
              </value>
            </param>
          </params>
          <reporter-output>
          </reporter-output>
        </test-method> <!-- setUp -->
        <test-method signature="fundTransferTest()[pri:0, instance:com.testBanking.testCases.TC_FundTransferTest_009@1d470d0]" started-at="2022-10-01T14:19:39 CET" name="fundTransferTest" finished-at="2022-10-01T14:19:46 CET" duration-ms="7365" status="PASS">
          <reporter-output>
          </reporter-output>
        </test-method> <!-- fundTransferTest -->
        <test-method is-config="true" signature="tearDown()[pri:0, instance:com.testBanking.testCases.TC_FundTransferTest_009@1d470d0]" started-at="2022-10-01T14:19:46 CET" name="tearDown" finished-at="2022-10-01T14:19:47 CET" duration-ms="227" status="PASS">
          <reporter-output>
          </reporter-output>
        </test-method> <!-- tearDown -->
      </class> <!-- com.testBanking.testCases.TC_FundTransferTest_009 -->
      <class name="com.testBanking.testCases.TC_AddCustomerTest_003">
        <test-method is-config="true" signature="setUp(java.lang.String)[pri:0, instance:com.testBanking.testCases.TC_AddCustomerTest_003@3700ec9c]" started-at="2022-10-01T14:18:13 CET" name="setUp" finished-at="2022-10-01T14:18:21 CET" duration-ms="7976" status="PASS">
          <params>
            <param index="0">
              <value>
                <![CDATA[chrome]]>
              </value>
            </param>
          </params>
          <reporter-output>
          </reporter-output>
        </test-method> <!-- setUp -->
        <test-method signature="addNewCustomer()[pri:0, instance:com.testBanking.testCases.TC_AddCustomerTest_003@3700ec9c]" started-at="2022-10-01T14:18:21 CET" name="addNewCustomer" finished-at="2022-10-01T14:18:31 CET" duration-ms="10060" status="PASS">
          <reporter-output>
          </reporter-output>
        </test-method> <!-- addNewCustomer -->
        <test-method is-config="true" signature="tearDown()[pri:0, instance:com.testBanking.testCases.TC_AddCustomerTest_003@3700ec9c]" started-at="2022-10-01T14:18:31 CET" name="tearDown" finished-at="2022-10-01T14:18:32 CET" duration-ms="266" status="PASS">
          <reporter-output>
          </reporter-output>
        </test-method> <!-- tearDown -->
      </class> <!-- com.testBanking.testCases.TC_AddCustomerTest_003 -->
      <class name="com.testBanking.testCases.TC_Withdrawal_008">
        <test-method is-config="true" signature="setUp(java.lang.String)[pri:0, instance:com.testBanking.testCases.TC_Withdrawal_008@31000e60]" started-at="2022-10-01T14:19:18 CET" name="setUp" finished-at="2022-10-01T14:19:26 CET" duration-ms="8507" status="PASS">
          <params>
            <param index="0">
              <value>
                <![CDATA[chrome]]>
              </value>
            </param>
          </params>
          <reporter-output>
          </reporter-output>
        </test-method> <!-- setUp -->
        <test-method signature="withdrawalTest()[pri:0, instance:com.testBanking.testCases.TC_Withdrawal_008@31000e60]" started-at="2022-10-01T14:19:26 CET" name="withdrawalTest" finished-at="2022-10-01T14:19:32 CET" duration-ms="5478" status="PASS">
          <reporter-output>
          </reporter-output>
        </test-method> <!-- withdrawalTest -->
        <test-method is-config="true" signature="tearDown()[pri:0, instance:com.testBanking.testCases.TC_Withdrawal_008@31000e60]" started-at="2022-10-01T14:19:32 CET" name="tearDown" finished-at="2022-10-01T14:19:32 CET" duration-ms="196" status="PASS">
          <reporter-output>
          </reporter-output>
        </test-method> <!-- tearDown -->
      </class> <!-- com.testBanking.testCases.TC_Withdrawal_008 -->
    </test> <!-- BankingApp Test -->
  </suite> <!-- testBankingV1 -->
</testng-results>
