<?xml version="1.0" encoding="UTF-8"?>
<!-- Generated by org.testng.reporters.JUnitXMLReporter -->
<testsuite ignored="0" hostname="Boudefel" failures="3" tests="12" name="BankingApp Test" time="157.937" errors="0" timestamp="2022-10-01T14:20:14 CET">
  <testcase classname="com.testBanking.testCases.TC_LoginTest_001" name="loginTest" time="2.466"/>
  <testcase classname="com.testBanking.testCases.TC_LoginDDT_002" name="loginDDT" time="5.075"/>
  <testcase classname="com.testBanking.testCases.TC_LoginDDT_002" name="loginDDT" time="3.337">
    <failure type="java.lang.AssertionError" message="expected [true] but found [false]">
      <![CDATA[java.lang.AssertionError: expected [true] but found [false]
at com.testBanking.testCases.TC_LoginDDT_002.loginDDT(TC_LoginDDT_002.java:36)
at java.base/java.util.ArrayList.forEach(ArrayList.java:1511)
... Removed 29 stack frames]]>
    </failure>
  </testcase> <!-- loginDDT -->
  <testcase classname="com.testBanking.testCases.TC_LoginDDT_002" name="loginDDT" time="2.631">
    <failure type="java.lang.AssertionError" message="expected [true] but found [false]">
      <![CDATA[java.lang.AssertionError: expected [true] but found [false]
at com.testBanking.testCases.TC_LoginDDT_002.loginDDT(TC_LoginDDT_002.java:36)
at java.base/java.util.ArrayList.forEach(ArrayList.java:1511)
... Removed 29 stack frames]]>
    </failure>
  </testcase> <!-- loginDDT -->
  <testcase classname="com.testBanking.testCases.TC_LoginDDT_002" name="loginDDT" time="5.13"/>
  <testcase classname="com.testBanking.testCases.TC_AddCustomerTest_003" name="addNewCustomer" time="10.06"/>
  <testcase classname="com.testBanking.testCases.TC_EditCustomerTest_004" name="editCustomer" time="11.755"/>
  <testcase classname="com.testBanking.testCases.TC_AddAccountTest_005" name="addNewAccount" time="10.72"/>
  <testcase classname="com.testBanking.testCases.TC_Withdrawal_008" name="withdrawalTest" time="5.478"/>
  <testcase classname="com.testBanking.testCases.TC_FundTransferTest_009" name="fundTransferTest" time="7.365"/>
  <testcase classname="com.testBanking.testCases.TC_DeleteAccountTest_014" name="deleteAccount" time="3.657">
    <failure type="org.openqa.selenium.NoAlertPresentException" message="no such alert
  (Session info: chrome=106.0.5249.91)
Build info: version: &amp;apos;3.141.59&amp;apos;, revision: &amp;apos;e82be7d358&amp;apos;, time: &amp;apos;2018-11-14T08:17:03&amp;apos;
System info: host: &amp;apos;BOUDEFEL&amp;apos;, ip: &amp;apos;10.5.0.9&amp;apos;, os.name: &amp;apos;Windows 11&amp;apos;, os.arch: &amp;apos;amd64&amp;apos;, os.version: &amp;apos;10.0&amp;apos;, java.version: &amp;apos;18.0.1.1&amp;apos;
Driver info: org.openqa.selenium.chrome.ChromeDriver
Capabilities {acceptInsecureCerts: false, browserName: chrome, browserVersion: 106.0.5249.91, chrome: {chromedriverVersion: 105.0.5195.52 (412c95e51883..., userDataDir: C:\Users\s_bou\AppData\Loca...}, goog:chromeOptions: {debuggerAddress: localhost:61383}, javascriptEnabled: true, networkConnectionEnabled: false, pageLoadStrategy: normal, platform: WINDOWS, platformName: WINDOWS, proxy: Proxy(), setWindowRect: true, strictFileInteractability: false, timeouts: {implicit: 0, pageLoad: 300000, script: 30000}, unhandledPromptBehavior: dismiss and notify, webauthn:extension:credBlob: true, webauthn:extension:largeBlob: true, webauthn:virtualAuthenticators: true}
Session ID: e621772b00a2d428aa48e462df574c5a">
      <![CDATA[org.openqa.selenium.NoAlertPresentException: no such alert
  (Session info: chrome=106.0.5249.91)
Build info: version: '3.141.59', revision: 'e82be7d358', time: '2018-11-14T08:17:03'
System info: host: 'BOUDEFEL', ip: '10.5.0.9', os.name: 'Windows 11', os.arch: 'amd64', os.version: '10.0', java.version: '18.0.1.1'
Driver info: org.openqa.selenium.chrome.ChromeDriver
Capabilities {acceptInsecureCerts: false, browserName: chrome, browserVersion: 106.0.5249.91, chrome: {chromedriverVersion: 105.0.5195.52 (412c95e51883..., userDataDir: C:\Users\s_bou\AppData\Loca...}, goog:chromeOptions: {debuggerAddress: localhost:61383}, javascriptEnabled: true, networkConnectionEnabled: false, pageLoadStrategy: normal, platform: WINDOWS, platformName: WINDOWS, proxy: Proxy(), setWindowRect: true, strictFileInteractability: false, timeouts: {implicit: 0, pageLoad: 300000, script: 30000}, unhandledPromptBehavior: dismiss and notify, webauthn:extension:credBlob: true, webauthn:extension:largeBlob: true, webauthn:virtualAuthenticators: true}
Session ID: e621772b00a2d428aa48e462df574c5a
at org.openqa.selenium.remote.http.W3CHttpResponseCodec.createException(W3CHttpResponseCodec.java:187)
at org.openqa.selenium.remote.http.W3CHttpResponseCodec.decode(W3CHttpResponseCodec.java:122)
at org.openqa.selenium.remote.http.W3CHttpResponseCodec.decode(W3CHttpResponseCodec.java:49)
at org.openqa.selenium.remote.HttpCommandExecutor.execute(HttpCommandExecutor.java:158)
at org.openqa.selenium.remote.service.DriverCommandExecutor.execute(DriverCommandExecutor.java:83)
at org.openqa.selenium.remote.RemoteWebDriver.execute(RemoteWebDriver.java:552)
at org.openqa.selenium.remote.RemoteWebDriver.execute(RemoteWebDriver.java:609)
at org.openqa.selenium.remote.RemoteWebDriver$RemoteTargetLocator.alert(RemoteWebDriver.java:932)
at com.testBanking.testCases.TC_DeleteAccountTest_014.deleteAccount(TC_DeleteAccountTest_014.java:40)
at java.base/java.util.ArrayList.forEach(ArrayList.java:1511)
... Removed 28 stack frames]]>
    </failure>
  </testcase> <!-- deleteAccount -->
  <testcase classname="com.testBanking.testCases.TC_DeleteCustomerTest_015" name="deleteCustomer" time="5.464"/>
</testsuite> <!-- BankingApp Test -->
